appTuoyb/build/outputs/logs/manifest-merger-debug-report.txt
-- Merging decision tree log ---
provider#com.juntai.tyb.uitils.MyFileProvider
INJECTED from src\main\AndroidManifest.xml:88:9-96:20
	android:authorities
		INJECTED from src\main\AndroidManifest.xml
manifest
ADDED from src\main\AndroidManifest.xml:2:1-308:12
INJECTED from src\main\AndroidManifest.xml:2:1-308:12
INJECTED from src\main\AndroidManifest.xml:2:1-308:12
INJECTED from src\main\AndroidManifest.xml:2:1-308:12
MERGED from src\main\AndroidManifest.xml:2:1-308:12
MERGED from [:module_Video] AndroidManifest.xml:2:1-42:12
MERGED from [:module_Map] AndroidManifest.xml:2:1-75:12
MERGED from [:module_Base] AndroidManifest.xml:2:1-24:12
MERGED from [com.android.support:multidex:1.0.3] AndroidManifest.xml:17:1-22:12
MERGED from [cn.jiguang.sdk:jpush:3.1.1] AndroidManifest.xml:2:1-133:12
MERGED from [cn.jiguang.sdk:jcore:1.1.9] AndroidManifest.xml:2:1-14:12
MERGED from [:zXingLiteLib] AndroidManifest.xml:2:1-18:12
MERGED from [com.android.support:design:28.0.0] AndroidManifest.xml:17:1-24:12
MERGED from [com.trello.rxlifecycle2:rxlifecycle-components:2.2.1] AndroidManifest.xml:13:1-19:12
MERGED from [com.github.GrenderG:Toasty:1.4.1] AndroidManifest.xml:2:1-11:12
MERGED from [com.gyf.immersionbar:immersionbar:2.3.2-beta01] AndroidManifest.xml:2:1-12:12
MERGED from [com.zhihu.android:matisse:0.5.2-beta4] AndroidManifest.xml:17:1-33:12
MERGED from [com.github.AlexLiuSheng:CheckVersionLib:2.3.3.1_appcompat] AndroidManifest.xml:2:1-66:12
MERGED from [com.shuyu:GSYVideoPlayer:6.0.3] AndroidManifest.xml:2:1-17:12
MERGED from [com.shuyu:gsyVideoPlayer-java:6.0.3] AndroidManifest.xml:2:1-17:12
MERGED from [com.android.support:appcompat-v7:28.0.0] AndroidManifest.xml:17:1-22:12
MERGED from [com.github.chrisbanes.photoview:library:1.2.4] AndroidManifest.xml:2:1-11:12
MERGED from [com.android.support.constraint:constraint-layout:1.1.3] AndroidManifest.xml:2:1-11:12
MERGED from [:banner] AndroidManifest.xml:2:1-11:12
MERGED from [com.github.bumptech.glide:glide:4.9.0] AndroidManifest.xml:2:1-12:12
MERGED from [com.github.tbruyelle:rxpermissions:0.10.2] AndroidManifest.xml:2:1-11:12
MERGED from [com.andkulikov:transitionseverywhere:1.7.0] AndroidManifest.xml:2:1-14:12
MERGED from [com.android.support:support-v4:27.1.1] AndroidManifest.xml:17:1-22:12
MERGED from [com.android.support:support-fragment:28.0.0] AndroidManifest.xml:17:1-22:12
MERGED from [com.squareup.leakcanary:leakcanary-android:1.6.1] AndroidManifest.xml:17:1-72:12
MERGED from [com.android.support:animated-vector-drawable:28.0.0] AndroidManifest.xml:17:1-22:12
MERGED from [com.android.support:recyclerview-v7:28.0.0] AndroidManifest.xml:17:1-22:12
MERGED from [com.android.support:support-core-ui:28.0.0] AndroidManifest.xml:17:1-22:12
MERGED from [com.android.support:support-core-utils:28.0.0] AndroidManifest.xml:17:1-22:12
MERGED from [com.android.support:support-vector-drawable:28.0.0] AndroidManifest.xml:17:1-22:12
MERGED from [com.android.support:loader:28.0.0] AndroidManifest.xml:17:1-22:12
MERGED from [com.android.support:transition:28.0.0] AndroidManifest.xml:17:1-22:12
MERGED from [com.android.support:viewpager:28.0.0] AndroidManifest.xml:17:1-22:12
MERGED from [com.android.support:coordinatorlayout:28.0.0] AndroidManifest.xml:17:1-22:12
MERGED from [com.android.support:drawerlayout:28.0.0] AndroidManifest.xml:17:1-22:12
MERGED from [com.android.support:slidingpanelayout:28.0.0] AndroidManifest.xml:17:1-22:12
MERGED from [com.android.support:customview:28.0.0] AndroidManifest.xml:17:1-22:12
MERGED from [com.android.support:swiperefreshlayout:28.0.0] AndroidManifest.xml:17:1-22:12
MERGED from [com.android.support:asynclayoutinflater:28.0.0] AndroidManifest.xml:17:1-22:12
MERGED from [com.shuyu:GSYVideoPlayer-exo2:6.0.3] AndroidManifest.xml:2:1-11:12
MERGED from [tv.danmaku.ijk.media:ijkplayer-exo:0.8.8] AndroidManifest.xml:2:1-15:12
MERGED from [com.google.android.exoplayer:exoplayer:2.9.3] AndroidManifest.xml:17:1-24:12
MERGED from [com.google.android.exoplayer:exoplayer-ui:2.9.3] AndroidManifest.xml:17:1-24:12
MERGED from [com.android.support:support-media-compat:27.1.1] AndroidManifest.xml:17:1-22:12
MERGED from [com.android.support:support-compat:28.0.0] AndroidManifest.xml:17:1-24:12
MERGED from [com.android.support:versionedparcelable:28.0.0] AndroidManifest.xml:17:1-25:12
MERGED from [com.android.support:cursoradapter:28.0.0] AndroidManifest.xml:17:1-22:12
MERGED from [com.trello.rxlifecycle2:rxlifecycle-android:2.2.1] AndroidManifest.xml:13:1-19:12
MERGED from [com.orhanobut:logger:2.2.0] AndroidManifest.xml:2:1-8:12
MERGED from [com.contrarywind:Android-PickerView:4.1.8] AndroidManifest.xml:2:1-11:12
MERGED from [android.arch.lifecycle:runtime:1.1.1] AndroidManifest.xml:17:1-22:12
MERGED from [com.android.support:documentfile:28.0.0] AndroidManifest.xml:17:1-22:12
MERGED from [com.android.support:localbroadcastmanager:28.0.0] AndroidManifest.xml:17:1-22:12
MERGED from [com.android.support:print:28.0.0] AndroidManifest.xml:17:1-22:12
MERGED from [android.arch.lifecycle:viewmodel:1.1.1] AndroidManifest.xml:17:1-22:12
MERGED from [com.android.support:cardview-v7:28.0.0] AndroidManifest.xml:17:1-22:12
MERGED from [com.github.bumptech.glide:gifdecoder:4.9.0] AndroidManifest.xml:2:1-11:12
MERGED from [com.contrarywind:wheelview:4.0.9] AndroidManifest.xml:2:1-11:12
MERGED from [android.arch.lifecycle:livedata:1.1.1] AndroidManifest.xml:17:1-22:12
MERGED from [android.arch.lifecycle:livedata-core:1.1.1] AndroidManifest.xml:17:1-22:12
MERGED from [android.arch.core:runtime:1.1.1] AndroidManifest.xml:17:1-22:12
MERGED from [com.android.support:interpolator:28.0.0] AndroidManifest.xml:17:1-22:12
MERGED from [com.google.android.exoplayer:extension-rtmp:2.9.3] AndroidManifest.xml:17:1-24:12
MERGED from [com.google.android.exoplayer:exoplayer-dash:2.9.3] AndroidManifest.xml:17:1-24:12
MERGED from [com.google.android.exoplayer:exoplayer-hls:2.9.3] AndroidManifest.xml:17:1-24:12
MERGED from [com.google.android.exoplayer:exoplayer-smoothstreaming:2.9.3] AndroidManifest.xml:17:1-24:12
MERGED from [com.google.android.exoplayer:exoplayer-core:2.9.3] AndroidManifest.xml:17:1-26:12
MERGED from [com.mabeijianxi:small-video-record2:2.0.3] AndroidManifest.xml:2:1-17:12
MERGED from [com.orhanobut:hawk:2.0.1] AndroidManifest.xml:2:1-8:12
MERGED from [io.reactivex.rxjava2:rxandroid:2.1.0] AndroidManifest.xml:15:1-20:12
MERGED from [com.github.CymChad:BaseRecyclerViewAdapterHelper:2.9.30] AndroidManifest.xml:2:1-11:12
MERGED from [top.zibin:Luban:1.1.8] AndroidManifest.xml:2:1-11:12
MERGED from [com.scwang.smartrefresh:SmartRefreshLayout:1.0.5.1] AndroidManifest.xml:2:1-17:12
MERGED from [com.scwang.smartrefresh:SmartRefreshHeader:1.0.5.1] AndroidManifest.xml:2:1-17:12
MERGED from [com.shuyu:gsyVideoPlayer-armv5:6.0.3] AndroidManifest.xml:2:1-17:12
MERGED from [com.shuyu:gsyVideoPlayer-armv7a:6.0.3] AndroidManifest.xml:2:1-17:12
MERGED from [com.shuyu:gsyVideoPlayer-arm64:6.0.3] AndroidManifest.xml:2:1-17:12
MERGED from [com.shuyu:gsyVideoPlayer-x64:6.0.3] AndroidManifest.xml:2:1-17:12
MERGED from [com.shuyu:gsyVideoPlayer-x86:6.0.3] AndroidManifest.xml:2:1-17:12
MERGED from [com.facebook.conceal:conceal:1.1.3] AndroidManifest.xml:7:1-16:12
MERGED from [it.sephiroth.android.library.imagezoom:library:1.0.4] AndroidManifest.xml:1:106-7:12
MERGED from [com.squareup.leakcanary:leakcanary-analyzer:1.6.1] AndroidManifest.xml:17:1-24:12
MERGED from [com.shuyu:gsyVideoPlayer-base:6.0.3] AndroidManifest.xml:2:1-11:12
MERGED from [tv.danmaku.ijk.media:ijkplayer-java:0.8.8] AndroidManifest.xml:2:1-9:12
MERGED from [com.shuyu:gsyvideoplayer-androidvideocache:6.0.3] AndroidManifest.xml:2:1-17:12
MERGED from [it.sephiroth.android.library.easing:library:1.0.2] AndroidManifest.xml:1:116-8:12
MERGED from [net.butterflytv.utils:rtmp-client:3.0.1] AndroidManifest.xml:2:1-13:12
INJECTED from src\debug\AndroidManifest.xml:2:1-6:12
INJECTED from src\debug\AndroidManifest.xml:2:1-6:12
INJECTED from src\debug\AndroidManifest.xml:2:1-6:12
	package
		ADDED from src\main\AndroidManifest.xml:4:5-33
		INJECTED from src\main\AndroidManifest.xml
		ADDED from src\main\AndroidManifest.xml:4:5-33
		INJECTED from src\debug\AndroidManifest.xml
	android:versionName
		INJECTED from src\main\AndroidManifest.xml
		ADDED from src\main\AndroidManifest.xml:2:1-308:12
		INJECTED from src\debug\AndroidManifest.xml
	xmlns:tools
		ADDED from src\main\AndroidManifest.xml:3:5-51
	android:versionCode
		INJECTED from src\main\AndroidManifest.xml
		ADDED from src\main\AndroidManifest.xml:2:1-308:12
		INJECTED from src\debug\AndroidManifest.xml
	xmlns:android
		ADDED from src\main\AndroidManifest.xml:2:11-69
permission#com.juntai.tyb.hcb.permission.JPUSH_MESSAGES
ADDED from src\main\AndroidManifest.xml:6:5-8:47
	android:protectionLevel
		ADDED from src\main\AndroidManifest.xml:8:9-44
	android:name
		ADDED from src\main\AndroidManifest.xml:7:9-68
uses-feature#android.hardware.camera
ADDED from src\main\AndroidManifest.xml:10:5-60
	android:name
		ADDED from src\main\AndroidManifest.xml:10:19-57
uses-feature#android.hardware.camera.autofocus
ADDED from src\main\AndroidManifest.xml:11:5-70
	android:name
		ADDED from src\main\AndroidManifest.xml:11:19-67
uses-permission#android.permission.RECORD_AUDIO
ADDED from src\main\AndroidManifest.xml:13:5-71
MERGED from [com.mabeijianxi:small-video-record2:2.0.3] AndroidManifest.xml:12:5-71
MERGED from [com.mabeijianxi:small-video-record2:2.0.3] AndroidManifest.xml:12:5-71
	android:name
		ADDED from src\main\AndroidManifest.xml:13:22-68
uses-permission#android.permission.RECEIVE_USER_PRESENT
ADDED from src\main\AndroidManifest.xml:14:5-79
MERGED from [cn.jiguang.sdk:jpush:3.1.1] AndroidManifest.xml:17:5-79
MERGED from [cn.jiguang.sdk:jpush:3.1.1] AndroidManifest.xml:17:5-79
	android:name
		ADDED from src\main\AndroidManifest.xml:14:22-76
uses-permission#android.permission.WAKE_LOCK
ADDED from src\main\AndroidManifest.xml:15:5-68
MERGED from [:module_Map] AndroidManifest.xml:32:5-68
MERGED from [:module_Map] AndroidManifest.xml:32:5-68
MERGED from [:module_Base] AndroidManifest.xml:19:5-68
MERGED from [:module_Base] AndroidManifest.xml:19:5-68
MERGED from [cn.jiguang.sdk:jpush:3.1.1] AndroidManifest.xml:19:5-68
MERGED from [cn.jiguang.sdk:jpush:3.1.1] AndroidManifest.xml:19:5-68
MERGED from [com.github.AlexLiuSheng:CheckVersionLib:2.3.3.1_appcompat] AndroidManifest.xml:16:5-68
MERGED from [com.github.AlexLiuSheng:CheckVersionLib:2.3.3.1_appcompat] AndroidManifest.xml:16:5-68
	android:name
		ADDED from src\main\AndroidManifest.xml:15:22-65
uses-permission#android.permission.VIBRATE
ADDED from src\main\AndroidManifest.xml:16:5-66
MERGED from [:module_Map] AndroidManifest.xml:30:5-66
MERGED from [:module_Map] AndroidManifest.xml:30:5-66
MERGED from [cn.jiguang.sdk:jpush:3.1.1] AndroidManifest.xml:24:5-66
MERGED from [cn.jiguang.sdk:jpush:3.1.1] AndroidManifest.xml:24:5-66
MERGED from [:zXingLiteLib] AndroidManifest.xml:11:5-66
MERGED from [:zXingLiteLib] AndroidManifest.xml:11:5-66
MERGED from [com.github.AlexLiuSheng:CheckVersionLib:2.3.3.1_appcompat] AndroidManifest.xml:14:5-66
MERGED from [com.github.AlexLiuSheng:CheckVersionLib:2.3.3.1_appcompat] AndroidManifest.xml:14:5-66
	android:name
		ADDED from src\main\AndroidManifest.xml:16:22-63
uses-permission#android.permission.SYSTEM_ALERT_WINDOW
ADDED from src\main\AndroidManifest.xml:17:5-78
MERGED from [cn.jiguang.sdk:jpush:3.1.1] AndroidManifest.xml:30:5-78
MERGED from [cn.jiguang.sdk:jpush:3.1.1] AndroidManifest.xml:30:5-78
	android:name
		ADDED from src\main\AndroidManifest.xml:17:22-75
uses-permission#android.permission.ACCESS_LOCATION_EXTRA_COMMANDS
ADDED from src\main\AndroidManifest.xml:18:5-89
MERGED from [cn.jiguang.sdk:jpush:3.1.1] AndroidManifest.xml:34:5-89
MERGED from [cn.jiguang.sdk:jpush:3.1.1] AndroidManifest.xml:34:5-89
	android:name
		ADDED from src\main\AndroidManifest.xml:18:22-86
uses-permission#android.permission.CHANGE_NETWORK_STATE
ADDED from src\main\AndroidManifest.xml:19:5-79
MERGED from [cn.jiguang.sdk:jpush:3.1.1] AndroidManifest.xml:35:5-79
MERGED from [cn.jiguang.sdk:jpush:3.1.1] AndroidManifest.xml:35:5-79
	android:name
		ADDED from src\main\AndroidManifest.xml:19:22-76
uses-permission#com.android.launcher.permission.READ_SETTINGS
ADDED from src\main\AndroidManifest.xml:20:5-85
	android:name
		ADDED from src\main\AndroidManifest.xml:20:22-82
uses-permission#android.permission.GET_TASKS
ADDED from src\main\AndroidManifest.xml:22:5-68
	android:name
		ADDED from src\main\AndroidManifest.xml:22:22-65
uses-permission#android.permission.CAMERA
ADDED from src\main\AndroidManifest.xml:23:5-65
MERGED from [:zXingLiteLib] AndroidManifest.xml:9:5-65
MERGED from [:zXingLiteLib] AndroidManifest.xml:9:5-65
MERGED from [com.mabeijianxi:small-video-record2:2.0.3] AndroidManifest.xml:11:5-65
MERGED from [com.mabeijianxi:small-video-record2:2.0.3] AndroidManifest.xml:11:5-65
	android:name
		ADDED from src\main\AndroidManifest.xml:23:22-62
uses-permission#android.permission.ACCESS_COARSE_LOCATION
ADDED from src\main\AndroidManifest.xml:24:5-81
MERGED from [:module_Map] AndroidManifest.xml:12:5-81
MERGED from [:module_Map] AndroidManifest.xml:12:5-81
MERGED from [cn.jiguang.sdk:jpush:3.1.1] AndroidManifest.xml:31:5-81
MERGED from [cn.jiguang.sdk:jpush:3.1.1] AndroidManifest.xml:31:5-81
	android:name
		ADDED from src\main\AndroidManifest.xml:24:22-78
uses-permission#android.permission.ACCESS_FINE_LOCATION
ADDED from src\main\AndroidManifest.xml:25:5-79
MERGED from [:module_Map] AndroidManifest.xml:14:5-79
MERGED from [:module_Map] AndroidManifest.xml:14:5-79
MERGED from [cn.jiguang.sdk:jpush:3.1.1] AndroidManifest.xml:33:5-79
MERGED from [cn.jiguang.sdk:jpush:3.1.1] AndroidManifest.xml:33:5-79
	android:name
		ADDED from src\main\AndroidManifest.xml:25:22-76
uses-permission#android.permission.ACCESS_WIFI_STATE
ADDED from src\main\AndroidManifest.xml:26:5-76
MERGED from [:module_Map] AndroidManifest.xml:16:5-76
MERGED from [:module_Map] AndroidManifest.xml:16:5-76
MERGED from [:module_Base] AndroidManifest.xml:14:5-76
MERGED from [:module_Base] AndroidManifest.xml:14:5-76
MERGED from [cn.jiguang.sdk:jpush:3.1.1] AndroidManifest.xml:27:5-76
MERGED from [cn.jiguang.sdk:jpush:3.1.1] AndroidManifest.xml:27:5-76
	android:name
		ADDED from src\main\AndroidManifest.xml:26:22-73
uses-permission#android.permission.ACCESS_NETWORK_STATE
ADDED from src\main\AndroidManifest.xml:27:5-79
MERGED from [:module_Map] AndroidManifest.xml:18:5-79
MERGED from [:module_Map] AndroidManifest.xml:18:5-79
MERGED from [:module_Base] AndroidManifest.xml:13:5-79
MERGED from [:module_Base] AndroidManifest.xml:13:5-79
MERGED from [cn.jiguang.sdk:jpush:3.1.1] AndroidManifest.xml:26:5-79
MERGED from [cn.jiguang.sdk:jpush:3.1.1] AndroidManifest.xml:26:5-79
MERGED from [com.google.android.exoplayer:exoplayer-core:2.9.3] AndroidManifest.xml:24:5-79
MERGED from [com.google.android.exoplayer:exoplayer-core:2.9.3] AndroidManifest.xml:24:5-79
	android:name
		ADDED from src\main\AndroidManifest.xml:27:22-76
uses-permission#android.permission.CHANGE_WIFI_STATE
ADDED from src\main\AndroidManifest.xml:28:5-76
MERGED from [:module_Map] AndroidManifest.xml:20:5-76
MERGED from [:module_Map] AndroidManifest.xml:20:5-76
MERGED from [cn.jiguang.sdk:jpush:3.1.1] AndroidManifest.xml:32:5-76
MERGED from [cn.jiguang.sdk:jpush:3.1.1] AndroidManifest.xml:32:5-76
	android:name
		ADDED from src\main\AndroidManifest.xml:28:22-73
uses-permission#android.permission.READ_PHONE_STATE
ADDED from src\main\AndroidManifest.xml:29:5-75
MERGED from [:module_Map] AndroidManifest.xml:38:5-75
MERGED from [:module_Map] AndroidManifest.xml:38:5-75
MERGED from [:module_Base] AndroidManifest.xml:12:5-75
MERGED from [:module_Base] AndroidManifest.xml:12:5-75
MERGED from [cn.jiguang.sdk:jpush:3.1.1] AndroidManifest.xml:20:5-75
MERGED from [cn.jiguang.sdk:jpush:3.1.1] AndroidManifest.xml:20:5-75
	android:name
		ADDED from src\main\AndroidManifest.xml:29:22-72
uses-permission#android.permission.WRITE_EXTERNAL_STORAGE
ADDED from src\main\AndroidManifest.xml:30:5-81
MERGED from [:module_Map] AndroidManifest.xml:22:5-81
MERGED from [:module_Map] AndroidManifest.xml:22:5-81
MERGED from [cn.jiguang.sdk:jpush:3.1.1] AndroidManifest.xml:21:5-81
MERGED from [cn.jiguang.sdk:jpush:3.1.1] AndroidManifest.xml:21:5-81
MERGED from [:zXingLiteLib] AndroidManifest.xml:13:5-81
MERGED from [:zXingLiteLib] AndroidManifest.xml:13:5-81
MERGED from [com.zhihu.android:matisse:0.5.2-beta4] AndroidManifest.xml:24:5-81
MERGED from [com.zhihu.android:matisse:0.5.2-beta4] AndroidManifest.xml:24:5-81
MERGED from [com.github.AlexLiuSheng:CheckVersionLib:2.3.3.1_appcompat] AndroidManifest.xml:12:5-81
MERGED from [com.github.AlexLiuSheng:CheckVersionLib:2.3.3.1_appcompat] AndroidManifest.xml:12:5-81
MERGED from [com.squareup.leakcanary:leakcanary-android:1.6.1] AndroidManifest.xml:24:5-81
MERGED from [com.squareup.leakcanary:leakcanary-android:1.6.1] AndroidManifest.xml:24:5-81
MERGED from [com.mabeijianxi:small-video-record2:2.0.3] AndroidManifest.xml:15:5-81
MERGED from [com.mabeijianxi:small-video-record2:2.0.3] AndroidManifest.xml:15:5-81
	android:name
		ADDED from src\main\AndroidManifest.xml:30:22-78
uses-permission#android.permission.INTERNET
ADDED from src\main\AndroidManifest.xml:31:5-67
MERGED from [:module_Map] AndroidManifest.xml:24:5-67
MERGED from [:module_Map] AndroidManifest.xml:24:5-67
MERGED from [:module_Base] AndroidManifest.xml:11:5-67
MERGED from [:module_Base] AndroidManifest.xml:11:5-67
MERGED from [cn.jiguang.sdk:jpush:3.1.1] AndroidManifest.xml:18:5-67
MERGED from [cn.jiguang.sdk:jpush:3.1.1] AndroidManifest.xml:18:5-67
MERGED from [:zXingLiteLib] AndroidManifest.xml:10:5-67
MERGED from [:zXingLiteLib] AndroidManifest.xml:10:5-67
MERGED from [com.github.AlexLiuSheng:CheckVersionLib:2.3.3.1_appcompat] AndroidManifest.xml:11:5-67
MERGED from [com.github.AlexLiuSheng:CheckVersionLib:2.3.3.1_appcompat] AndroidManifest.xml:11:5-67
MERGED from [net.butterflytv.utils:rtmp-client:3.0.1] AndroidManifest.xml:11:5-67
MERGED from [net.butterflytv.utils:rtmp-client:3.0.1] AndroidManifest.xml:11:5-67
	android:name
		ADDED from src\main\AndroidManifest.xml:31:22-64
uses-permission#android.permission.FLASHLIGHT
ADDED from src\main\AndroidManifest.xml:32:5-69
MERGED from [:zXingLiteLib] AndroidManifest.xml:12:5-69
MERGED from [:zXingLiteLib] AndroidManifest.xml:12:5-69
	android:name
		ADDED from src\main\AndroidManifest.xml:32:22-66
uses-permission#android.permission.GET_ACCOUNTS
ADDED from src\main\AndroidManifest.xml:33:5-71
	android:name
		ADDED from src\main\AndroidManifest.xml:33:22-68
uses-permission#android.permission.READ_PROFILE
ADDED from src\main\AndroidManifest.xml:34:5-71
	android:name
		ADDED from src\main\AndroidManifest.xml:34:22-68
uses-permission#android.permission.READ_CONTACTS
ADDED from src\main\AndroidManifest.xml:35:5-72
	android:name
		ADDED from src\main\AndroidManifest.xml:35:22-69
uses-permission#android.permission.SYSTEM_OVERLAY_WINDOW
ADDED from src\main\AndroidManifest.xml:36:5-80
	android:name
		ADDED from src\main\AndroidManifest.xml:36:22-77
uses-permission#android.permission.READ_EXTERNAL_STORAGE
ADDED from src\main\AndroidManifest.xml:37:5-80
MERGED from [:module_Map] AndroidManifest.xml:40:5-80
MERGED from [:module_Map] AndroidManifest.xml:40:5-80
MERGED from [cn.jiguang.sdk:jpush:3.1.1] AndroidManifest.xml:22:5-80
MERGED from [cn.jiguang.sdk:jpush:3.1.1] AndroidManifest.xml:22:5-80
MERGED from [com.zhihu.android:matisse:0.5.2-beta4] AndroidManifest.xml:25:5-80
MERGED from [com.zhihu.android:matisse:0.5.2-beta4] AndroidManifest.xml:25:5-80
MERGED from [com.github.AlexLiuSheng:CheckVersionLib:2.3.3.1_appcompat] AndroidManifest.xml:13:5-80
MERGED from [com.github.AlexLiuSheng:CheckVersionLib:2.3.3.1_appcompat] AndroidManifest.xml:13:5-80
MERGED from [com.squareup.leakcanary:leakcanary-android:1.6.1] AndroidManifest.xml:23:5-80
MERGED from [com.squareup.leakcanary:leakcanary-android:1.6.1] AndroidManifest.xml:23:5-80
MERGED from [com.mabeijianxi:small-video-record2:2.0.3] AndroidManifest.xml:13:5-80
MERGED from [com.mabeijianxi:small-video-record2:2.0.3] AndroidManifest.xml:13:5-80
	android:name
		ADDED from src\main\AndroidManifest.xml:37:22-77
uses-permission#android.permission.BLUETOOTH
ADDED from src\main\AndroidManifest.xml:38:5-68
	android:name
		ADDED from src\main\AndroidManifest.xml:38:22-65
uses-permission#android.permission.BLUETOOTH_ADMIN
ADDED from src\main\AndroidManifest.xml:39:5-74
	android:name
		ADDED from src\main\AndroidManifest.xml:39:22-71
uses-permission#android.permission.MODIFY_AUDIO_SETTINGS
ADDED from src\main\AndroidManifest.xml:40:5-80
	android:name
		ADDED from src\main\AndroidManifest.xml:40:22-77
uses-permission#android.permission.BROADCAST_STICKY
ADDED from src\main\AndroidManifest.xml:41:5-75
	android:name
		ADDED from src\main\AndroidManifest.xml:41:22-72
uses-feature#0x00020000
ADDED from src\main\AndroidManifest.xml:43:5-45:35
	android:glEsVersion
		ADDED from src\main\AndroidManifest.xml:44:9-41
	android:required
		ADDED from src\main\AndroidManifest.xml:45:9-32
permission#com.juntai.tyb.hcb.permission.RECEIVE_MSG
ADDED from src\main\AndroidManifest.xml:47:5-49:47
	android:protectionLevel
		ADDED from src\main\AndroidManifest.xml:49:9-44
	android:name
		ADDED from src\main\AndroidManifest.xml:48:9-65
uses-permission#com.juntai.dell.hcb.permission.RECEIVE_MSG
ADDED from src\main\AndroidManifest.xml:51:5-82
	android:name
		ADDED from src\main\AndroidManifest.xml:51:22-79
application
ADDED from src\main\AndroidManifest.xml:53:5-306:19
MERGED from [:module_Video] AndroidManifest.xml:11:5-40:19
MERGED from [:module_Video] AndroidManifest.xml:11:5-40:19
MERGED from [:module_Map] AndroidManifest.xml:45:5-73:19
MERGED from [:module_Map] AndroidManifest.xml:45:5-73:19
MERGED from [:module_Base] AndroidManifest.xml:21:5-22:19
MERGED from [:module_Base] AndroidManifest.xml:21:5-22:19
MERGED from [cn.jiguang.sdk:jpush:3.1.1] AndroidManifest.xml:37:5-131:19
MERGED from [cn.jiguang.sdk:jpush:3.1.1] AndroidManifest.xml:37:5-131:19
MERGED from [cn.jiguang.sdk:jcore:1.1.9] AndroidManifest.xml:11:5-12:19
MERGED from [cn.jiguang.sdk:jcore:1.1.9] AndroidManifest.xml:11:5-12:19
MERGED from [:zXingLiteLib] AndroidManifest.xml:15:5-16:19
MERGED from [:zXingLiteLib] AndroidManifest.xml:15:5-16:19
MERGED from [com.android.support:design:28.0.0] AndroidManifest.xml:22:5-20
MERGED from [com.android.support:design:28.0.0] AndroidManifest.xml:22:5-20
MERGED from [com.zhihu.android:matisse:0.5.2-beta4] AndroidManifest.xml:27:5-31:19
MERGED from [com.zhihu.android:matisse:0.5.2-beta4] AndroidManifest.xml:27:5-31:19
MERGED from [com.github.AlexLiuSheng:CheckVersionLib:2.3.3.1_appcompat] AndroidManifest.xml:19:5-64:19
MERGED from [com.github.AlexLiuSheng:CheckVersionLib:2.3.3.1_appcompat] AndroidManifest.xml:19:5-64:19
MERGED from [com.shuyu:GSYVideoPlayer:6.0.3] AndroidManifest.xml:11:5-15:19
MERGED from [com.shuyu:GSYVideoPlayer:6.0.3] AndroidManifest.xml:11:5-15:19
MERGED from [com.shuyu:gsyVideoPlayer-java:6.0.3] AndroidManifest.xml:11:5-15:19
MERGED from [com.shuyu:gsyVideoPlayer-java:6.0.3] AndroidManifest.xml:11:5-15:19
MERGED from [com.android.support.constraint:constraint-layout:1.1.3] AndroidManifest.xml:9:5-20
MERGED from [com.android.support.constraint:constraint-layout:1.1.3] AndroidManifest.xml:9:5-20
MERGED from [com.github.bumptech.glide:glide:4.9.0] AndroidManifest.xml:10:5-20
MERGED from [com.github.bumptech.glide:glide:4.9.0] AndroidManifest.xml:10:5-20
MERGED from [com.github.tbruyelle:rxpermissions:0.10.2] AndroidManifest.xml:9:5-20
MERGED from [com.github.tbruyelle:rxpermissions:0.10.2] AndroidManifest.xml:9:5-20
MERGED from [com.andkulikov:transitionseverywhere:1.7.0] AndroidManifest.xml:12:5-20
MERGED from [com.andkulikov:transitionseverywhere:1.7.0] AndroidManifest.xml:12:5-20
MERGED from [com.squareup.leakcanary:leakcanary-android:1.6.1] AndroidManifest.xml:26:5-70:19
MERGED from [com.squareup.leakcanary:leakcanary-android:1.6.1] AndroidManifest.xml:26:5-70:19
MERGED from [tv.danmaku.ijk.media:ijkplayer-exo:0.8.8] AndroidManifest.xml:9:5-13:19
MERGED from [tv.danmaku.ijk.media:ijkplayer-exo:0.8.8] AndroidManifest.xml:9:5-13:19
MERGED from [com.android.support:support-compat:28.0.0] AndroidManifest.xml:22:5-94
MERGED from [com.android.support:support-compat:28.0.0] AndroidManifest.xml:22:5-94
MERGED from [com.android.support:versionedparcelable:28.0.0] AndroidManifest.xml:22:5-23:19
MERGED from [com.android.support:versionedparcelable:28.0.0] AndroidManifest.xml:22:5-23:19
MERGED from [com.github.bumptech.glide:gifdecoder:4.9.0] AndroidManifest.xml:9:5-20
MERGED from [com.github.bumptech.glide:gifdecoder:4.9.0] AndroidManifest.xml:9:5-20
MERGED from [com.scwang.smartrefresh:SmartRefreshLayout:1.0.5.1] AndroidManifest.xml:11:5-15:19
MERGED from [com.scwang.smartrefresh:SmartRefreshLayout:1.0.5.1] AndroidManifest.xml:11:5-15:19
MERGED from [com.scwang.smartrefresh:SmartRefreshHeader:1.0.5.1] AndroidManifest.xml:11:5-15:19
MERGED from [com.scwang.smartrefresh:SmartRefreshHeader:1.0.5.1] AndroidManifest.xml:11:5-15:19
MERGED from [com.shuyu:gsyVideoPlayer-armv5:6.0.3] AndroidManifest.xml:11:5-15:19
MERGED from [com.shuyu:gsyVideoPlayer-armv5:6.0.3] AndroidManifest.xml:11:5-15:19
MERGED from [com.shuyu:gsyVideoPlayer-armv7a:6.0.3] AndroidManifest.xml:11:5-15:19
MERGED from [com.shuyu:gsyVideoPlayer-armv7a:6.0.3] AndroidManifest.xml:11:5-15:19
MERGED from [com.shuyu:gsyVideoPlayer-arm64:6.0.3] AndroidManifest.xml:11:5-15:19
MERGED from [com.shuyu:gsyVideoPlayer-arm64:6.0.3] AndroidManifest.xml:11:5-15:19
MERGED from [com.shuyu:gsyVideoPlayer-x64:6.0.3] AndroidManifest.xml:11:5-15:19
MERGED from [com.shuyu:gsyVideoPlayer-x64:6.0.3] AndroidManifest.xml:11:5-15:19
MERGED from [com.shuyu:gsyVideoPlayer-x86:6.0.3] AndroidManifest.xml:11:5-15:19
MERGED from [com.shuyu:gsyVideoPlayer-x86:6.0.3] AndroidManifest.xml:11:5-15:19
MERGED from [it.sephiroth.android.library.imagezoom:library:1.0.4] AndroidManifest.xml:5:5-19
MERGED from [it.sephiroth.android.library.imagezoom:library:1.0.4] AndroidManifest.xml:5:5-19
MERGED from [com.squareup.leakcanary:leakcanary-analyzer:1.6.1] AndroidManifest.xml:22:5-20
MERGED from [com.squareup.leakcanary:leakcanary-analyzer:1.6.1] AndroidManifest.xml:22:5-20
MERGED from [com.shuyu:gsyvideoplayer-androidvideocache:6.0.3] AndroidManifest.xml:11:5-15:19
MERGED from [com.shuyu:gsyvideoplayer-androidvideocache:6.0.3] AndroidManifest.xml:11:5-15:19
MERGED from [it.sephiroth.android.library.easing:library:1.0.2] AndroidManifest.xml:5:5-6:19
MERGED from [it.sephiroth.android.library.easing:library:1.0.2] AndroidManifest.xml:5:5-6:19
	android:appComponentFactory
		ADDED from [com.android.support:support-compat:28.0.0] AndroidManifest.xml:22:18-91
	android:supportsRtl
		ADDED from src\main\AndroidManifest.xml:60:9-35
	android:label
		ADDED from src\main\AndroidManifest.xml:57:9-41
	tools:ignore
		ADDED from src\main\AndroidManifest.xml:62:9-48
	android:roundIcon
		ADDED from src\main\AndroidManifest.xml:59:9-47
	android:largeHeap
		ADDED from src\main\AndroidManifest.xml:58:9-33
	android:icon
		ADDED from src\main\AndroidManifest.xml:56:9-42
	android:allowBackup
		ADDED from src\main\AndroidManifest.xml:55:9-35
	android:networkSecurityConfig
		ADDED from [:module_Map] AndroidManifest.xml:45:18-78
	android:theme
		ADDED from src\main\AndroidManifest.xml:61:9-40
	android:usesCleartextTraffic
		ADDED from [com.github.AlexLiuSheng:CheckVersionLib:2.3.3.1_appcompat] AndroidManifest.xml:22:9-44
	android:name
		ADDED from src\main\AndroidManifest.xml:54:9-52
activity#com.juntai.tyb.mine.myMsg.MyMsgActivity
ADDED from src\main\AndroidManifest.xml:63:9-85
	android:name
		ADDED from src\main\AndroidManifest.xml:63:19-73
activity#com.juntai.tyb.mine.MyBaseInfoActivity
ADDED from src\main\AndroidManifest.xml:64:9-75
	android:name
		ADDED from src\main\AndroidManifest.xml:64:19-72
activity#com.juntai.tyb.homePage.healthOrganize.HealthOrganizeActivity
ADDED from src\main\AndroidManifest.xml:65:9-98
	android:name
		ADDED from src\main\AndroidManifest.xml:65:19-95
activity#com.juntai.tyb.mine.about.UserProtocalActivity
ADDED from src\main\AndroidManifest.xml:66:9-83
	android:name
		ADDED from src\main\AndroidManifest.xml:66:19-80
activity#com.juntai.tyb.mine.about.AboutUsActivity
ADDED from src\main\AndroidManifest.xml:67:9-78
	android:name
		ADDED from src\main\AndroidManifest.xml:67:19-75
activity#com.juntai.tyb.mine.serviceRecord.ServiceRecordActivity
ADDED from src\main\AndroidManifest.xml:68:9-92
	android:name
		ADDED from src\main\AndroidManifest.xml:68:19-89
activity#com.juntai.tyb.homePage.careTaker.addCareTaker.AddCareRecordActivity
ADDED from src\main\AndroidManifest.xml:69:9-105
	android:name
		ADDED from src\main\AndroidManifest.xml:69:19-102
activity#com.juntai.tyb.homePage.careTaker.careInfo.CareInfoMoreActivity
ADDED from src\main\AndroidManifest.xml:70:9-100
	android:name
		ADDED from src\main\AndroidManifest.xml:70:19-97
activity#com.juntai.tyb.homePage.careTaker.careInfo.CareTakerInfoActivity
ADDED from src\main\AndroidManifest.xml:71:9-73:46
	android:launchMode
		ADDED from src\main\AndroidManifest.xml:73:13-43
	android:name
		ADDED from src\main\AndroidManifest.xml:72:13-92
activity#com.juntai.tyb.homePage.careTaker.addCareTaker.AddCareTakerActivity
ADDED from src\main\AndroidManifest.xml:74:9-76:46
	android:launchMode
		ADDED from src\main\AndroidManifest.xml:76:13-43
	android:name
		ADDED from src\main\AndroidManifest.xml:75:13-95
uses-library#org.apache.http.legacy
ADDED from src\main\AndroidManifest.xml:78:9-80:40
MERGED from [:module_Video] AndroidManifest.xml:37:9-39:40
MERGED from [:module_Video] AndroidManifest.xml:37:9-39:40
	android:required
		ADDED from src\main\AndroidManifest.xml:80:13-37
	android:name
		ADDED from src\main\AndroidManifest.xml:79:13-50
meta-data#com.netease.nim.appKey
ADDED from src\main\AndroidManifest.xml:82:9-84:64
	android:value